{"/Users/lisaheffernan/projects/cruise-ships/src/cruise-ship.js": {"path":"/Users/lisaheffernan/projects/cruise-ships/src/cruise-ship.js","statementMap":{"0":{"start":{"line":1,"column":0},"end":{"line":33,"column":5}},"1":{"start":{"line":4,"column":12},"end":{"line":4,"column":39}},"2":{"start":{"line":5,"column":12},"end":{"line":5,"column":50}},"3":{"start":{"line":6,"column":12},"end":{"line":6,"column":37}},"4":{"start":{"line":7,"column":12},"end":{"line":7,"column":43}},"5":{"start":{"line":10,"column":30},"end":{"line":10,"column":44}},"6":{"start":{"line":11,"column":12},"end":{"line":11,"column":46}},"7":{"start":{"line":12,"column":12},"end":{"line":14,"column":13}},"8":{"start":{"line":13,"column":16},"end":{"line":13,"column":52}},"9":{"start":{"line":15,"column":12},"end":{"line":15,"column":49}},"10":{"start":{"line":16,"column":12},"end":{"line":16,"column":36}},"11":{"start":{"line":21,"column":30},"end":{"line":21,"column":44}},"12":{"start":{"line":22,"column":38},"end":{"line":22,"column":80}},"13":{"start":{"line":23,"column":12},"end":{"line":23,"column":70}},"14":{"start":{"line":24,"column":12},"end":{"line":24,"column":43}},"15":{"start":{"line":28,"column":4},"end":{"line":32,"column":5}},"16":{"start":{"line":29,"column":8},"end":{"line":29,"column":30}},"17":{"start":{"line":31,"column":8},"end":{"line":31,"column":27}}},"fnMap":{"0":{"name":"exportShip","decl":{"start":{"line":1,"column":10},"end":{"line":1,"column":20}},"loc":{"start":{"line":1,"column":22},"end":{"line":33,"column":1}},"line":1},"1":{"name":"(anonymous_1)","decl":{"start":{"line":3,"column":8},"end":{"line":3,"column":9}},"loc":{"start":{"line":3,"column":32},"end":{"line":8,"column":9}},"line":3},"2":{"name":"(anonymous_2)","decl":{"start":{"line":9,"column":8},"end":{"line":9,"column":9}},"loc":{"start":{"line":9,"column":17},"end":{"line":18,"column":9}},"line":9},"3":{"name":"(anonymous_3)","decl":{"start":{"line":20,"column":8},"end":{"line":20,"column":9}},"loc":{"start":{"line":20,"column":14},"end":{"line":25,"column":9}},"line":20}},"branchMap":{"0":{"loc":{"start":{"line":12,"column":12},"end":{"line":14,"column":13}},"type":"if","locations":[{"start":{"line":12,"column":12},"end":{"line":14,"column":13}},{"start":{},"end":{}}],"line":12},"1":{"loc":{"start":{"line":28,"column":4},"end":{"line":32,"column":5}},"type":"if","locations":[{"start":{"line":28,"column":4},"end":{"line":32,"column":5}},{"start":{"line":30,"column":11},"end":{"line":32,"column":5}}],"line":28},"2":{"loc":{"start":{"line":28,"column":8},"end":{"line":28,"column":55}},"type":"binary-expr","locations":[{"start":{"line":28,"column":8},"end":{"line":28,"column":37}},{"start":{"line":28,"column":41},"end":{"line":28,"column":55}}],"line":28}},"s":{"0":1,"1":7,"2":7,"3":7,"4":7,"5":3,"6":3,"7":3,"8":1,"9":2,"10":2,"11":1,"12":1,"13":1,"14":1,"15":1,"16":1,"17":0},"f":{"0":1,"1":7,"2":3,"3":1},"b":{"0":[1,2],"1":[1,0],"2":[1,1]},"_coverageSchema":"1a1c01bbd47fc00a2c39e90264f33305004495a9","hash":"51eab2c2d1b63f086113f822e6e8a9181fb2fc18"}
,"/Users/lisaheffernan/projects/cruise-ships/src/itinerary.js": {"path":"/Users/lisaheffernan/projects/cruise-ships/src/itinerary.js","statementMap":{"0":{"start":{"line":1,"column":0},"end":{"line":13,"column":5}},"1":{"start":{"line":4,"column":12},"end":{"line":4,"column":31}},"2":{"start":{"line":8,"column":4},"end":{"line":12,"column":5}},"3":{"start":{"line":9,"column":8},"end":{"line":9,"column":35}},"4":{"start":{"line":11,"column":8},"end":{"line":11,"column":37}}},"fnMap":{"0":{"name":"exportItinerary","decl":{"start":{"line":1,"column":10},"end":{"line":1,"column":25}},"loc":{"start":{"line":1,"column":27},"end":{"line":13,"column":1}},"line":1},"1":{"name":"(anonymous_1)","decl":{"start":{"line":3,"column":8},"end":{"line":3,"column":9}},"loc":{"start":{"line":3,"column":27},"end":{"line":5,"column":9}},"line":3}},"branchMap":{"0":{"loc":{"start":{"line":8,"column":4},"end":{"line":12,"column":5}},"type":"if","locations":[{"start":{"line":8,"column":4},"end":{"line":12,"column":5}},{"start":{"line":10,"column":11},"end":{"line":12,"column":5}}],"line":8},"1":{"loc":{"start":{"line":8,"column":7},"end":{"line":8,"column":54}},"type":"binary-expr","locations":[{"start":{"line":8,"column":7},"end":{"line":8,"column":36}},{"start":{"line":8,"column":40},"end":{"line":8,"column":54}}],"line":8}},"s":{"0":1,"1":2,"2":1,"3":1,"4":0},"f":{"0":1,"1":2},"b":{"0":[1,0],"1":[1,1]},"_coverageSchema":"1a1c01bbd47fc00a2c39e90264f33305004495a9","hash":"71458507f38b2f4cf4b6ba8d4dbeb1ec661a50c0"}
,"/Users/lisaheffernan/projects/cruise-ships/src/port.js": {"path":"/Users/lisaheffernan/projects/cruise-ships/src/port.js","statementMap":{"0":{"start":{"line":1,"column":0},"end":{"line":20,"column":5}},"1":{"start":{"line":4,"column":12},"end":{"line":4,"column":29}},"2":{"start":{"line":5,"column":12},"end":{"line":5,"column":28}},"3":{"start":{"line":8,"column":12},"end":{"line":8,"column":44}},"4":{"start":{"line":11,"column":33},"end":{"line":11,"column":71}},"5":{"start":{"line":12,"column":12},"end":{"line":12,"column":47}},"6":{"start":{"line":15,"column":4},"end":{"line":19,"column":5}},"7":{"start":{"line":16,"column":8},"end":{"line":16,"column":30}},"8":{"start":{"line":18,"column":8},"end":{"line":18,"column":27}}},"fnMap":{"0":{"name":"exportPort","decl":{"start":{"line":1,"column":10},"end":{"line":1,"column":20}},"loc":{"start":{"line":1,"column":23},"end":{"line":20,"column":1}},"line":1},"1":{"name":"(anonymous_1)","decl":{"start":{"line":3,"column":8},"end":{"line":3,"column":9}},"loc":{"start":{"line":3,"column":27},"end":{"line":6,"column":9}},"line":3},"2":{"name":"(anonymous_2)","decl":{"start":{"line":7,"column":8},"end":{"line":7,"column":9}},"loc":{"start":{"line":7,"column":31},"end":{"line":9,"column":9}},"line":7},"3":{"name":"(anonymous_3)","decl":{"start":{"line":10,"column":8},"end":{"line":10,"column":9}},"loc":{"start":{"line":10,"column":38},"end":{"line":13,"column":9}},"line":10}},"branchMap":{"0":{"loc":{"start":{"line":15,"column":4},"end":{"line":19,"column":5}},"type":"if","locations":[{"start":{"line":15,"column":4},"end":{"line":19,"column":5}},{"start":{"line":17,"column":11},"end":{"line":19,"column":5}}],"line":15},"1":{"loc":{"start":{"line":15,"column":7},"end":{"line":15,"column":54}},"type":"binary-expr","locations":[{"start":{"line":15,"column":7},"end":{"line":15,"column":36}},{"start":{"line":15,"column":40},"end":{"line":15,"column":54}}],"line":15}},"s":{"0":1,"1":5,"2":5,"3":3,"4":1,"5":1,"6":1,"7":1,"8":0},"f":{"0":1,"1":5,"2":3,"3":1},"b":{"0":[1,0],"1":[1,1]},"_coverageSchema":"1a1c01bbd47fc00a2c39e90264f33305004495a9","hash":"e19bd4a6aed60b00d5152e39b5967302522d488a"}
}
