TN:
SF:src/cruise-ship.js
FN:1,exportShip
FN:3,(anonymous_1)
FN:9,(anonymous_2)
FN:20,(anonymous_3)
FNF:4
FNH:4
FNDA:1,exportShip
FNDA:7,(anonymous_1)
FNDA:3,(anonymous_2)
FNDA:1,(anonymous_3)
DA:1,1
DA:4,7
DA:5,7
DA:6,7
DA:7,7
DA:10,3
DA:11,3
DA:12,3
DA:13,1
DA:15,2
DA:16,2
DA:21,1
DA:22,1
DA:23,1
DA:24,1
DA:28,1
DA:29,1
DA:31,0
LF:18
LH:17
BRDA:12,0,0,1
BRDA:12,0,1,2
BRDA:28,1,0,1
BRDA:28,1,1,0
BRDA:28,2,0,1
BRDA:28,2,1,1
BRF:6
BRH:5
end_of_record
TN:
SF:src/itinerary.js
FN:1,exportItinerary
FN:3,(anonymous_1)
FNF:2
FNH:2
FNDA:1,exportItinerary
FNDA:2,(anonymous_1)
DA:1,1
DA:4,2
DA:8,1
DA:9,1
DA:11,0
LF:5
LH:4
BRDA:8,0,0,1
BRDA:8,0,1,0
BRDA:8,1,0,1
BRDA:8,1,1,1
BRF:4
BRH:3
end_of_record
TN:
SF:src/port.js
FN:1,exportPort
FN:3,(anonymous_1)
FN:7,(anonymous_2)
FN:10,(anonymous_3)
FNF:4
FNH:4
FNDA:1,exportPort
FNDA:5,(anonymous_1)
FNDA:3,(anonymous_2)
FNDA:1,(anonymous_3)
DA:1,1
DA:4,5
DA:5,5
DA:8,3
DA:11,1
DA:12,1
DA:15,1
DA:16,1
DA:18,0
LF:9
LH:8
BRDA:15,0,0,1
BRDA:15,0,1,0
BRDA:15,1,0,1
BRDA:15,1,1,1
BRF:4
BRH:3
end_of_record
